[24-Jan-2022 13:20:44] NOTICE: fpm is running, pid 1100
[24-Jan-2022 13:20:44] NOTICE: ready to handle connections
[24-Jan-2022 13:53:42] NOTICE: Terminating ...
[24-Jan-2022 13:53:42] NOTICE: Terminating ...
[24-Jan-2022 13:53:42] NOTICE: exiting, bye-bye!
[25-Jan-2022 11:51:38] NOTICE: fpm is running, pid 1768
[25-Jan-2022 11:51:38] NOTICE: ready to handle connections
[25-Jan-2022 20:10:16] NOTICE: Terminating ...
[25-Jan-2022 20:10:16] NOTICE: Terminating ...
[25-Jan-2022 20:10:16] NOTICE: exiting, bye-bye!
[26-Jan-2022 11:41:10] NOTICE: fpm is running, pid 2012
[26-Jan-2022 11:41:10] NOTICE: ready to handle connections
[26-Jan-2022 20:59:55] NOTICE: Terminating ...
[26-Jan-2022 20:59:55] NOTICE: Terminating ...
[26-Jan-2022 20:59:55] NOTICE: exiting, bye-bye!
[26-Jan-2022 21:56:57] NOTICE: fpm is running, pid 15933
[26-Jan-2022 21:56:57] NOTICE: ready to handle connections
[26-Jan-2022 21:57:59] NOTICE: Terminating ...
[26-Jan-2022 21:57:59] NOTICE: Terminating ...
[26-Jan-2022 21:57:59] NOTICE: exiting, bye-bye!
[27-Jan-2022 11:13:33] NOTICE: fpm is running, pid 3006
[27-Jan-2022 11:13:33] NOTICE: ready to handle connections
[27-Jan-2022 20:36:02] NOTICE: Terminating ...
[27-Jan-2022 20:36:02] NOTICE: Terminating ...
[27-Jan-2022 20:36:02] NOTICE: exiting, bye-bye!
[28-Jan-2022 18:31:51] NOTICE: fpm is running, pid 9802
[28-Jan-2022 18:31:51] NOTICE: ready to handle connections
[28-Jan-2022 19:59:16] NOTICE: Terminating ...
[28-Jan-2022 19:59:16] NOTICE: Terminating ...
[28-Jan-2022 19:59:16] NOTICE: exiting, bye-bye!
[31-Jan-2022 12:13:21] NOTICE: fpm is running, pid 2403
[31-Jan-2022 12:13:21] NOTICE: ready to handle connections
[31-Jan-2022 20:21:13] NOTICE: Terminating ...
[31-Jan-2022 20:21:13] NOTICE: Terminating ...
[31-Jan-2022 20:21:13] NOTICE: exiting, bye-bye!
[01-Feb-2022 15:31:11] NOTICE: fpm is running, pid 6637
[01-Feb-2022 15:31:11] NOTICE: ready to handle connections
[01-Feb-2022 22:12:00] NOTICE: Terminating ...
[01-Feb-2022 22:12:00] NOTICE: Terminating ...
[01-Feb-2022 22:12:00] NOTICE: exiting, bye-bye!
[02-Feb-2022 11:23:44] NOTICE: fpm is running, pid 1772
[02-Feb-2022 11:23:44] NOTICE: ready to handle connections
[02-Feb-2022 16:19:29] NOTICE: Terminating ...
[02-Feb-2022 16:19:29] NOTICE: Terminating ...
[02-Feb-2022 16:19:29] NOTICE: exiting, bye-bye!
[02-Feb-2022 18:35:23] NOTICE: fpm is running, pid 7243
[02-Feb-2022 18:35:23] NOTICE: ready to handle connections
[02-Feb-2022 20:41:51] NOTICE: Terminating ...
[02-Feb-2022 20:41:51] NOTICE: Terminating ...
[02-Feb-2022 20:41:51] NOTICE: exiting, bye-bye!
[03-Feb-2022 09:25:04] NOTICE: fpm is running, pid 1434
[03-Feb-2022 09:25:04] NOTICE: ready to handle connections
[03-Feb-2022 21:17:04] NOTICE: Terminating ...
[03-Feb-2022 21:17:04] NOTICE: Terminating ...
[03-Feb-2022 21:17:04] NOTICE: exiting, bye-bye!
[04-Feb-2022 11:22:31] NOTICE: fpm is running, pid 1664
[04-Feb-2022 11:22:31] NOTICE: ready to handle connections
[04-Feb-2022 12:34:43] NOTICE: Terminating ...
[04-Feb-2022 12:34:43] NOTICE: Terminating ...
[04-Feb-2022 12:34:43] NOTICE: exiting, bye-bye!
[04-Feb-2022 13:20:31] NOTICE: fpm is running, pid 2228
[04-Feb-2022 13:20:31] NOTICE: ready to handle connections
[04-Feb-2022 21:13:48] NOTICE: Terminating ...
[04-Feb-2022 21:13:48] NOTICE: Terminating ...
[04-Feb-2022 21:13:48] NOTICE: exiting, bye-bye!
[07-Feb-2022 11:06:53] NOTICE: fpm is running, pid 1349
[07-Feb-2022 11:06:53] NOTICE: ready to handle connections
[07-Feb-2022 19:17:33] NOTICE: Terminating ...
[07-Feb-2022 19:17:33] NOTICE: Terminating ...
[07-Feb-2022 19:17:33] NOTICE: exiting, bye-bye!
[07-Feb-2022 19:21:20] NOTICE: fpm is running, pid 8776
[07-Feb-2022 19:21:20] NOTICE: ready to handle connections
[07-Feb-2022 19:21:36] NOTICE: Terminating ...
[07-Feb-2022 19:21:36] NOTICE: Terminating ...
[07-Feb-2022 19:21:36] NOTICE: exiting, bye-bye!
